2024-11-29 13:54:50,270 : INFO : 4_logger : Konto utworzone dla Jan Kowalski z saldem 1000.0
2024-11-29 13:54:50,271 : INFO : 4_logger : Wp³ata 500.0 dla Jan Kowalski. Nowe saldo to 1500.0
2024-11-29 13:54:50,271 : INFO : 4_logger : Sprawdzenie salda dla Jan Kowalski: 1500.0
2024-11-29 13:54:50,273 : INFO : 4_logger : Konto utworzone dla Jan Kowalski z saldem 1000.0
2024-11-29 13:54:50,273 : INFO : 4_logger : Sprawdzenie salda dla Jan Kowalski: 1000.0
2024-11-29 13:54:50,276 : INFO : 4_logger : Konto utworzone dla Jan Kowalski z saldem 1000.0
2024-11-29 13:54:50,276 : ERROR : 4_logger : Kwota musi byæ wiêksza od zera
2024-11-29 13:54:50,278 : INFO : 4_logger : Konto utworzone dla Jan Kowalski z saldem 1000.0
2024-11-29 13:54:50,279 : ERROR : 4_logger : Kwota wyp³aty musi byæ wiêksza od zera
2024-11-29 13:54:50,283 : INFO : 4_logger : Konto utworzone dla Jan Kowalski z saldem 1000.0
2024-11-29 13:54:50,283 : INFO : 4_logger : Wyp³ata 300.0 dla Jan Kowalski. Nowe saldo: 700.0
2024-11-29 13:54:50,283 : INFO : 4_logger : Sprawdzenie salda dla Jan Kowalski: 700.0
2024-11-29 13:54:50,286 : INFO : 4_logger : Konto utworzone dla Jan Kowalski z saldem 1000.0
2024-11-29 13:54:50,286 : ERROR : 4_logger : Brak wystarczaj¹cych œrodków dla wyp³aty 1500.0 u Jan Kowalski
2024-11-29 13:56:06,085 : INFO : 4_logger : Konto utworzone dla Jan Kowalski z saldem 1000.0
2024-11-29 13:56:06,085 : INFO : 4_logger : Wp³ata 500.0 dla Jan Kowalski. Nowe saldo to 1500.0
2024-11-29 13:56:06,085 : INFO : 4_logger : Sprawdzenie salda dla Jan Kowalski: 1500.0
2024-11-29 13:56:06,088 : INFO : 4_logger : Konto utworzone dla Jan Kowalski z saldem 1000.0
2024-11-29 13:56:06,088 : INFO : 4_logger : Sprawdzenie salda dla Jan Kowalski: 1000.0
2024-11-29 13:56:06,090 : INFO : 4_logger : Konto utworzone dla Jan Kowalski z saldem 1000.0
2024-11-29 13:56:06,091 : ERROR : 4_logger : Kwota musi byæ wiêksza od zera
2024-11-29 13:56:06,097 : INFO : 4_logger : Konto utworzone dla Jan Kowalski z saldem 1000.0
2024-11-29 13:56:06,097 : ERROR : 4_logger : Kwota wyp³aty musi byæ wiêksza od zera
2024-11-29 13:56:06,105 : INFO : 4_logger : Konto utworzone dla Jan Kowalski z saldem 1000.0
2024-11-29 13:56:06,105 : INFO : 4_logger : Wyp³ata 300.0 dla Jan Kowalski. Nowe saldo: 700.0
2024-11-29 13:56:06,105 : INFO : 4_logger : Sprawdzenie salda dla Jan Kowalski: 700.0
2024-11-29 13:56:06,109 : INFO : 4_logger : Konto utworzone dla Jan Kowalski z saldem 1000.0
2024-11-29 13:56:06,109 : ERROR : 4_logger : Brak wystarczaj¹cych œrodków dla wyp³aty 1500.0 u Jan Kowalski
